<?xml version="1.0" encoding="UTF-8"?>
<!-- Generated by org.testng.reporters.JUnitXMLReporter -->
<testsuite hostname="DESKTOP-S9C5291" ignored="0" name="Test" tests="4" failures="0" timestamp="2022-10-10T17:13:27 IST" time="0.935" errors="0">
  <testcase name="@BeforeMethod setUp" time="0.143" classname="com.SauceDemo.TestClass1.TestBaseClass">
    <failure type="java.lang.IllegalStateException" message="The driver executable must exist: F:\spselenium\chromedriver_win32 (1\chromedriver.exe)">
      <![CDATA[java.lang.IllegalStateException: The driver executable must exist: F:\spselenium\chromedriver_win32 (1\chromedriver.exe)
at org.openqa.selenium.internal.Require$FileStateChecker.isFile(Require.java:342)
at org.openqa.selenium.remote.service.DriverService.checkExecutable(DriverService.java:147)
at org.openqa.selenium.remote.service.DriverService.findExecutable(DriverService.java:142)
at org.openqa.selenium.chrome.ChromeDriverService.access$000(ChromeDriverService.java:38)
at org.openqa.selenium.chrome.ChromeDriverService$Builder.findDefaultExecutable(ChromeDriverService.java:231)
at org.openqa.selenium.remote.service.DriverService$Builder.build(DriverService.java:437)
at org.openqa.selenium.chrome.ChromeDriverService.createDefaultService(ChromeDriverService.java:127)
at org.openqa.selenium.chrome.ChromeDriver.<init>(ChromeDriver.java:48)
at com.SauceDemo.TestClass1.TestBaseClass.setUp(TestBaseClass.java:30)
at java.util.ArrayList.forEach(Unknown Source)
... Removed 31 stack frames]]>
    </failure>
  </testcase> <!-- @BeforeMethod setUp -->
  <testcase name="@AfterMethod tearDown" time="-1.665402206613E9" classname="com.SauceDemo.TestClass1.TestBaseClass">
    <skipped/>
  </testcase> <!-- @AfterMethod tearDown -->
  <testcase name="@BeforeMethod setUp" time="0.028" classname="com.SauceDemo.TestClass1.TestBaseClass">
    <failure type="java.lang.IllegalStateException" message="The driver executable must exist: F:\spselenium\chromedriver_win32 (1\chromedriver.exe)">
      <![CDATA[java.lang.IllegalStateException: The driver executable must exist: F:\spselenium\chromedriver_win32 (1\chromedriver.exe)
at org.openqa.selenium.internal.Require$FileStateChecker.isFile(Require.java:342)
at org.openqa.selenium.remote.service.DriverService.checkExecutable(DriverService.java:147)
at org.openqa.selenium.remote.service.DriverService.findExecutable(DriverService.java:142)
at org.openqa.selenium.chrome.ChromeDriverService.access$000(ChromeDriverService.java:38)
at org.openqa.selenium.chrome.ChromeDriverService$Builder.findDefaultExecutable(ChromeDriverService.java:231)
at org.openqa.selenium.remote.service.DriverService$Builder.build(DriverService.java:437)
at org.openqa.selenium.chrome.ChromeDriverService.createDefaultService(ChromeDriverService.java:127)
at org.openqa.selenium.chrome.ChromeDriver.<init>(ChromeDriver.java:48)
at com.SauceDemo.TestClass1.TestBaseClass.setUp(TestBaseClass.java:30)
at java.util.ArrayList.forEach(Unknown Source)
... Removed 31 stack frames]]>
    </failure>
  </testcase> <!-- @BeforeMethod setUp -->
  <testcase name="@AfterMethod tearDown" time="-1.665402206781E9" classname="com.SauceDemo.TestClass1.TestBaseClass">
    <skipped/>
  </testcase> <!-- @AfterMethod tearDown -->
  <testcase name="@BeforeMethod setUp" time="0.041" classname="com.SauceDemo.TestClass1.TestBaseClass">
    <failure type="java.lang.IllegalStateException" message="The driver executable must exist: F:\spselenium\chromedriver_win32 (1\chromedriver.exe)">
      <![CDATA[java.lang.IllegalStateException: The driver executable must exist: F:\spselenium\chromedriver_win32 (1\chromedriver.exe)
at org.openqa.selenium.internal.Require$FileStateChecker.isFile(Require.java:342)
at org.openqa.selenium.remote.service.DriverService.checkExecutable(DriverService.java:147)
at org.openqa.selenium.remote.service.DriverService.findExecutable(DriverService.java:142)
at org.openqa.selenium.chrome.ChromeDriverService.access$000(ChromeDriverService.java:38)
at org.openqa.selenium.chrome.ChromeDriverService$Builder.findDefaultExecutable(ChromeDriverService.java:231)
at org.openqa.selenium.remote.service.DriverService$Builder.build(DriverService.java:437)
at org.openqa.selenium.chrome.ChromeDriverService.createDefaultService(ChromeDriverService.java:127)
at org.openqa.selenium.chrome.ChromeDriver.<init>(ChromeDriver.java:48)
at com.SauceDemo.TestClass1.TestBaseClass.setUp(TestBaseClass.java:30)
at java.util.ArrayList.forEach(Unknown Source)
... Removed 31 stack frames]]>
    </failure>
  </testcase> <!-- @BeforeMethod setUp -->
  <testcase name="@AfterMethod tearDown" time="-1.665402206974E9" classname="com.SauceDemo.TestClass1.TestBaseClass">
    <skipped/>
  </testcase> <!-- @AfterMethod tearDown -->
  <testcase name="@BeforeMethod setUp" time="0.016" classname="com.SauceDemo.TestClass1.TestBaseClass">
    <failure type="java.lang.IllegalStateException" message="The driver executable must exist: F:\spselenium\chromedriver_win32 (1\chromedriver.exe)">
      <![CDATA[java.lang.IllegalStateException: The driver executable must exist: F:\spselenium\chromedriver_win32 (1\chromedriver.exe)
at org.openqa.selenium.internal.Require$FileStateChecker.isFile(Require.java:342)
at org.openqa.selenium.remote.service.DriverService.checkExecutable(DriverService.java:147)
at org.openqa.selenium.remote.service.DriverService.findExecutable(DriverService.java:142)
at org.openqa.selenium.chrome.ChromeDriverService.access$000(ChromeDriverService.java:38)
at org.openqa.selenium.chrome.ChromeDriverService$Builder.findDefaultExecutable(ChromeDriverService.java:231)
at org.openqa.selenium.remote.service.DriverService$Builder.build(DriverService.java:437)
at org.openqa.selenium.chrome.ChromeDriverService.createDefaultService(ChromeDriverService.java:127)
at org.openqa.selenium.chrome.ChromeDriver.<init>(ChromeDriver.java:48)
at com.SauceDemo.TestClass1.TestBaseClass.setUp(TestBaseClass.java:30)
at java.util.ArrayList.forEach(Unknown Source)
... Removed 31 stack frames]]>
    </failure>
  </testcase> <!-- @BeforeMethod setUp -->
  <testcase name="@AfterMethod tearDown" time="-1.66540220712E9" classname="com.SauceDemo.TestClass1.TestBaseClass">
    <skipped/>
  </testcase> <!-- @AfterMethod tearDown -->
  <testcase name="verifyLogOutFunctinality" time="0.001" classname="com.SauceDemo.TestClass1.TC02_Verify_LogOut_Functinality">
    <skipped/>
  </testcase> <!-- verifyLogOutFunctinality -->
  <testcase name="verifyLoginFunctinality" time="0.0" classname="com.SauceDemo.TestClass1.TC01_LogIn_Functinality">
    <skipped/>
  </testcase> <!-- verifyLoginFunctinality -->
  <testcase name="verifyBagProductFunctinality" time="0.0" classname="com.SauceDemo.TestClass1.TC03_Verify_BagProductFunctinality">
    <skipped/>
  </testcase> <!-- verifyBagProductFunctinality -->
  <testcase name="verifyAllProductFunctinality" time="0.0" classname="com.SauceDemo.TestClass1.TC04_Verify_All_product_Functinality">
    <skipped/>
  </testcase> <!-- verifyAllProductFunctinality -->
</testsuite> <!-- Test -->
